<?xml version="1.0" encoding="UTF-8"?>
<testsuite name="test.ProfileTest" tests="2" skipped="0" failures="0" errors="0" timestamp="2020-03-19T15:06:21" hostname="Svirskiy.local" time="39.91">
  <properties/>
  <testcase name="noPhoneNumberDuringRegistration" classname="test.ProfileTest" time="20.07"/>
  <testcase name="buttonContinueRegistrationWithYourMail" classname="test.ProfileTest" time="19.827"/>
  <system-out><![CDATA[]]></system-out>
  <system-err><![CDATA[SLF4J: Failed to load class "org.slf4j.impl.StaticLoggerBinder".
SLF4J: Defaulting to no-operation (NOP) logger implementation
SLF4J: See http://www.slf4j.org/codes.html#StaticLoggerBinder for further details.
мар 19, 2020 6:06:20 PM io.appium.java_client.remote.AppiumCommandExecutor$1 lambda$0
INFO: Detected dialect: W3C
]]></system-err>
</testsuite>
